<?xml version="1.0" encoding="UTF-8"?>
<testsuite name="TestSuite" time="12.975" tests="7" errors="0" skipped="0" failures="7">
  <properties>
    <property name="jansi.mode" value="strip"/>
    <property name="java.runtime.name" value="Java(TM) SE Runtime Environment"/>
    <property name="java.vm.version" value="18+36-2087"/>
    <property name="sun.boot.library.path" value="C:\Program Files\Java\jdk-18\bin"/>
    <property name="maven.multiModuleProjectDirectory" value="C:\Users\AMIT123\eclipse-workspace\inetBankingV1"/>
    <property name="java.vm.vendor" value="Oracle Corporation"/>
    <property name="java.vendor.url" value="https://java.oracle.com/"/>
    <property name="guice.disable.misplaced.annotation.check" value="true"/>
    <property name="path.separator" value=";"/>
    <property name="java.vm.name" value="Java HotSpot(TM) 64-Bit Server VM"/>
    <property name="sun.os.patch.level" value=""/>
    <property name="user.script" value=""/>
    <property name="user.country" value="IN"/>
    <property name="sun.java.launcher" value="SUN_STANDARD"/>
    <property name="java.vm.specification.name" value="Java Virtual Machine Specification"/>
    <property name="user.dir" value="C:\Users\AMIT123\eclipse-workspace\inetBankingV1"/>
    <property name="java.vm.compressedOopsMode" value="Zero based"/>
    <property name="java.runtime.version" value="18+36-2087"/>
    <property name="os.arch" value="amd64"/>
    <property name="java.io.tmpdir" value="C:\Users\AMIT123\AppData\Local\Temp\"/>
    <property name="line.separator" value="&#10;"/>
    <property name="java.vm.specification.vendor" value="Oracle Corporation"/>
    <property name="user.variant" value=""/>
    <property name="os.name" value="Windows 11"/>
    <property name="classworlds.conf" value="C:\Users\AMIT123\eclipse-workspace\.metadata\.plugins\org.eclipse.m2e.launching\launches\m2conf3999244703402383578.tmp"/>
    <property name="sun.jnu.encoding" value="Cp1252"/>
    <property name="java.library.path" value="C:\Program Files\Java\jdk-18\bin;C:\windows\Sun\Java\bin;C:\windows\system32;C:\windows;C:\Program Files\Common Files\Oracle\Java\javapath;C:\windows\system32;C:\windows;C:\windows\System32\Wbem;C:\windows\System32\WindowsPowerShell\v1.0\;C:\windows\System32\OpenSSH\;C:\Program Files\nodejs\;C:\Users\AMIT123\AppData\Local\Android\Sdk\platform-tools;C:\Users\AMIT123\AppData\Local\Android\Sdk\tools;C:\Users\AMIT123\AppData\Local\Android\Sdk\build-tools;C:\Program Files\Java\jdk-11.0.15.1\bin;C:\apache-maven-3.8.5\bin;C:\apache-maven-3.8.5\\bin;C:\apache-maven-3.8.5\;C:\Program Files\Java\jdk-11.0.15.1\bin;C:\Users\AMIT123\AppData\Local\Microsoft\WindowsApps;C:\Users\AMIT123\AppData\Roaming\npm;."/>
    <property name="jdk.debug" value="release"/>
    <property name="java.class.version" value="62.0"/>
    <property name="java.specification.name" value="Java Platform API Specification"/>
    <property name="sun.management.compiler" value="HotSpot 64-Bit Tiered Compilers"/>
    <property name="os.version" value="10.0"/>
    <property name="user.home" value="C:\Users\AMIT123"/>
    <property name="user.timezone" value="Asia/Calcutta"/>
    <property name="file.encoding" value="UTF-8"/>
    <property name="java.specification.version" value="18"/>
    <property name="user.name" value="AMIT123"/>
    <property name="java.class.path" value="C:\Users\AMIT123\.p2\pool\plugins\org.eclipse.m2e.maven.runtime_1.18.3.20220227-1319\jars\plexus-classworlds-2.6.0.jar"/>
    <property name="java.vm.specification.version" value="18"/>
    <property name="sun.arch.data.model" value="64"/>
    <property name="sun.java.command" value="org.codehaus.plexus.classworlds.launcher.Launcher -B install"/>
    <property name="java.home" value="C:\Program Files\Java\jdk-18"/>
    <property name="user.language" value="en"/>
    <property name="java.specification.vendor" value="Oracle Corporation"/>
    <property name="java.vm.info" value="mixed mode, sharing"/>
    <property name="java.version" value="18"/>
    <property name="native.encoding" value="Cp1252"/>
    <property name="java.vendor" value="Oracle Corporation"/>
    <property name="maven.home" value="C:\Users\AMIT123\eclipse-workspace\inetBankingV1\EMBEDDED"/>
    <property name="file.separator" value="\"/>
    <property name="java.version.date" value="2022-03-22"/>
    <property name="java.vendor.url.bug" value="https://bugreport.java.com/bugreport/"/>
    <property name="sun.io.unicode.encoding" value="UnicodeLittle"/>
    <property name="sun.cpu.endian" value="little"/>
    <property name="sun.cpu.isalist" value="amd64"/>
  </properties>
  <testcase name="loginTest" classname="com.inetBankingV1.TestCases.TC_loginTest_001" time="0.631">
    <failure message="unexpected alert open: {Alert text : User is not valid}&#10;  (Session info: chrome=103.0.5060.114): User is not valid&#10;Build info: version: &apos;4.1.3&apos;, revision: &apos;7b1ebf28ef&apos;&#10;System info: host: &apos;AMIT&apos;, ip: &apos;192.168.0.105&apos;, os.name: &apos;Windows 11&apos;, os.arch: &apos;amd64&apos;, os.version: &apos;10.0&apos;, java.version: &apos;18&apos;&#10;Driver info: org.openqa.selenium.chrome.ChromeDriver&#10;Command: [790d8cdeaaae2eb0f063d0368f1dbdf0, getTitle {}]&#10;Capabilities {acceptInsecureCerts: false, browserName: chrome, browserVersion: 103.0.5060.114, chrome: {chromedriverVersion: 102.0.5005.61 (0e59bcc00cc4..., userDataDir: C:\Users\AMIT123\AppData\Lo...}, goog:chromeOptions: {debuggerAddress: localhost:53118}, javascriptEnabled: true, networkConnectionEnabled: false, pageLoadStrategy: normal, platform: WINDOWS, platformName: WINDOWS, proxy: Proxy(), se:cdp: ws://localhost:53118/devtoo..., se:cdpVersion: 103.0.5060.114, setWindowRect: true, strictFileInteractability: false, timeouts: {implicit: 0, pageLoad: 300000, script: 30000}, unhandledPromptBehavior: dismiss and notify, webauthn:extension:credBlob: true, webauthn:extension:largeBlob: true, webauthn:virtualAuthenticators: true}&#10;Session ID: 790d8cdeaaae2eb0f063d0368f1dbdf0" type="org.openqa.selenium.UnhandledAlertException">org.openqa.selenium.UnhandledAlertException: unexpected alert open: {Alert text : User is not valid}
  (Session info: chrome=103.0.5060.114): User is not valid
Build info: version: '4.1.3', revision: '7b1ebf28ef'
System info: host: 'AMIT', ip: '192.168.0.105', os.name: 'Windows 11', os.arch: 'amd64', os.version: '10.0', java.version: '18'
Driver info: org.openqa.selenium.chrome.ChromeDriver
Command: [790d8cdeaaae2eb0f063d0368f1dbdf0, getTitle {}]
Capabilities {acceptInsecureCerts: false, browserName: chrome, browserVersion: 103.0.5060.114, chrome: {chromedriverVersion: 102.0.5005.61 (0e59bcc00cc4..., userDataDir: C:\Users\AMIT123\AppData\Lo...}, goog:chromeOptions: {debuggerAddress: localhost:53118}, javascriptEnabled: true, networkConnectionEnabled: false, pageLoadStrategy: normal, platform: WINDOWS, platformName: WINDOWS, proxy: Proxy(), se:cdp: ws://localhost:53118/devtoo..., se:cdpVersion: 103.0.5060.114, setWindowRect: true, strictFileInteractability: false, timeouts: {implicit: 0, pageLoad: 300000, script: 30000}, unhandledPromptBehavior: dismiss and notify, webauthn:extension:credBlob: true, webauthn:extension:largeBlob: true, webauthn:virtualAuthenticators: true}
Session ID: 790d8cdeaaae2eb0f063d0368f1dbdf0
	at org.openqa.selenium.remote.codec.w3c.W3CHttpResponseCodec.decode(W3CHttpResponseCodec.java:131)
	at org.openqa.selenium.remote.codec.w3c.W3CHttpResponseCodec.decode(W3CHttpResponseCodec.java:53)
	at org.openqa.selenium.remote.HttpCommandExecutor.execute(HttpCommandExecutor.java:184)
	at org.openqa.selenium.remote.service.DriverCommandExecutor.invokeExecute(DriverCommandExecutor.java:167)
	at org.openqa.selenium.remote.service.DriverCommandExecutor.execute(DriverCommandExecutor.java:142)
	at org.openqa.selenium.remote.RemoteWebDriver.execute(RemoteWebDriver.java:567)
	at org.openqa.selenium.remote.RemoteWebDriver.execute(RemoteWebDriver.java:622)
	at org.openqa.selenium.remote.RemoteWebDriver.execute(RemoteWebDriver.java:626)
	at org.openqa.selenium.remote.RemoteWebDriver.getTitle(RemoteWebDriver.java:335)
	at com.inetBankingV1.TestCases.TC_loginTest_001.loginTest(TC_loginTest_001.java:23)
</failure>
    <system-out><![CDATA[ INFO [main] (TC_loginTest_001.java:15)- URL is opened
 INFO [main] (TC_loginTest_001.java:17)- Username entered
 INFO [main] (TC_loginTest_001.java:19)- Password entered
]]></system-out>
    <system-err><![CDATA[SLF4J: Failed to load class "org.slf4j.impl.StaticLoggerBinder".
SLF4J: Defaulting to no-operation (NOP) logger implementation
SLF4J: See http://www.slf4j.org/codes.html#StaticLoggerBinder for further details.
Starting ChromeDriver 102.0.5005.61 (0e59bcc00cc4985ce39ad31c150065f159d95ad3-refs/branch-heads/5005@{#819}) on port 64774
Only local connections are allowed.
Please see https://chromedriver.chromium.org/security-considerations for suggestions on keeping ChromeDriver safe.
ChromeDriver was started successfully.
[1658475740.438][WARNING]: This version of ChromeDriver has not been tested with Chrome version 103.
Jul 22, 2022 1:12:20 PM org.openqa.selenium.remote.ProtocolHandshake createSession
INFO: Detected dialect: W3C
Jul 22, 2022 1:12:20 PM org.openqa.selenium.devtools.CdpVersionFinder findNearestMatch
WARNING: Unable to find an exact match for CDP version 103, so returning the closest version found: 99
Jul 22, 2022 1:12:20 PM org.openqa.selenium.devtools.CdpVersionFinder findNearestMatch
INFO: Found CDP implementation for version 103 of 99
]]></system-err>
  </testcase>
  <testcase name="loginDDT" classname="com.inetBankingV1.TestCases.TC_loginDDT_002" time="11.834">
    <failure message="expected [true] but found [false]" type="java.lang.AssertionError">java.lang.AssertionError: expected [true] but found [false]
	at org.testng.Assert.fail(Assert.java:99)
	at org.testng.Assert.failNotEquals(Assert.java:1037)
	at org.testng.Assert.assertTrue(Assert.java:45)
	at org.testng.Assert.assertTrue(Assert.java:55)
	at com.inetBankingV1.TestCases.TC_loginDDT_002.loginDDT(TC_loginDDT_002.java:26)
</failure>
    <system-out><![CDATA[ INFO [main] (TC_loginDDT_002.java:17)- Username Provided
 INFO [main] (TC_loginDDT_002.java:19)- Password Provided
]]></system-out>
    <system-err><![CDATA[Starting ChromeDriver 102.0.5005.61 (0e59bcc00cc4985ce39ad31c150065f159d95ad3-refs/branch-heads/5005@{#819}) on port 53561
Only local connections are allowed.
Please see https://chromedriver.chromium.org/security-considerations for suggestions on keeping ChromeDriver safe.
ChromeDriver was started successfully.
[1658475763.831][WARNING]: This version of ChromeDriver has not been tested with Chrome version 103.
Jul 22, 2022 1:12:43 PM org.openqa.selenium.remote.ProtocolHandshake createSession
INFO: Detected dialect: W3C
Jul 22, 2022 1:12:43 PM org.openqa.selenium.devtools.CdpVersionFinder findNearestMatch
WARNING: Unable to find an exact match for CDP version 103, so returning the closest version found: 99
Jul 22, 2022 1:12:43 PM org.openqa.selenium.devtools.CdpVersionFinder findNearestMatch
INFO: Found CDP implementation for version 103 of 99
]]></system-err>
  </testcase>
  <testcase name="loginDDT" classname="com.inetBankingV1.TestCases.TC_loginDDT_002" time="6.319">
    <failure message="expected [true] but found [false]" type="java.lang.AssertionError">java.lang.AssertionError: expected [true] but found [false]
	at org.testng.Assert.fail(Assert.java:99)
	at org.testng.Assert.failNotEquals(Assert.java:1037)
	at org.testng.Assert.assertTrue(Assert.java:45)
	at org.testng.Assert.assertTrue(Assert.java:55)
	at com.inetBankingV1.TestCases.TC_loginDDT_002.loginDDT(TC_loginDDT_002.java:26)
</failure>
    <system-out><![CDATA[ INFO [main] (TC_loginDDT_002.java:17)- Username Provided
 INFO [main] (TC_loginDDT_002.java:19)- Password Provided
]]></system-out>
  </testcase>
  <testcase name="loginDDT" classname="com.inetBankingV1.TestCases.TC_loginDDT_002" time="7.898">
    <failure message="expected [true] but found [false]" type="java.lang.AssertionError">java.lang.AssertionError: expected [true] but found [false]
	at org.testng.Assert.fail(Assert.java:99)
	at org.testng.Assert.failNotEquals(Assert.java:1037)
	at org.testng.Assert.assertTrue(Assert.java:45)
	at org.testng.Assert.assertTrue(Assert.java:55)
	at com.inetBankingV1.TestCases.TC_loginDDT_002.loginDDT(TC_loginDDT_002.java:26)
</failure>
    <system-out><![CDATA[ INFO [main] (TC_loginDDT_002.java:17)- Username Provided
 INFO [main] (TC_loginDDT_002.java:19)- Password Provided
]]></system-out>
  </testcase>
  <testcase name="loginDDT" classname="com.inetBankingV1.TestCases.TC_loginDDT_002" time="6.966">
    <failure message="expected [true] but found [false]" type="java.lang.AssertionError">java.lang.AssertionError: expected [true] but found [false]
	at org.testng.Assert.fail(Assert.java:99)
	at org.testng.Assert.failNotEquals(Assert.java:1037)
	at org.testng.Assert.assertTrue(Assert.java:45)
	at org.testng.Assert.assertTrue(Assert.java:55)
	at com.inetBankingV1.TestCases.TC_loginDDT_002.loginDDT(TC_loginDDT_002.java:26)
</failure>
    <system-out><![CDATA[ INFO [main] (TC_loginDDT_002.java:17)- Username Provided
 INFO [main] (TC_loginDDT_002.java:19)- Password Provided
]]></system-out>
  </testcase>
  <testcase name="loginDDT" classname="com.inetBankingV1.TestCases.TC_loginDDT_002" time="6.138">
    <failure message="expected [true] but found [false]" type="java.lang.AssertionError">java.lang.AssertionError: expected [true] but found [false]
	at org.testng.Assert.fail(Assert.java:99)
	at org.testng.Assert.failNotEquals(Assert.java:1037)
	at org.testng.Assert.assertTrue(Assert.java:45)
	at org.testng.Assert.assertTrue(Assert.java:55)
	at com.inetBankingV1.TestCases.TC_loginDDT_002.loginDDT(TC_loginDDT_002.java:26)
</failure>
    <system-out><![CDATA[ INFO [main] (TC_loginDDT_002.java:17)- Username Provided
 INFO [main] (TC_loginDDT_002.java:19)- Password Provided
]]></system-out>
  </testcase>
  <testcase name="addNewCustomer" classname="com.inetBankingV1.TestCases.TC_AddCustomerTest_003" time="0.51">
    <failure message="unknown error: cannot determine loading status&#10;from unknown error: unexpected command response&#10;  (Session info: chrome=103.0.5060.114)&#10;Build info: version: &apos;4.1.3&apos;, revision: &apos;7b1ebf28ef&apos;&#10;System info: host: &apos;AMIT&apos;, ip: &apos;192.168.0.105&apos;, os.name: &apos;Windows 11&apos;, os.arch: &apos;amd64&apos;, os.version: &apos;10.0&apos;, java.version: &apos;18&apos;&#10;Driver info: org.openqa.selenium.chrome.ChromeDriver&#10;Command: [5dc390563d3f18fd5f7d1caac975c32e, clickElement {id=c3ac29fc-8039-4103-ad26-c2b02e2130d6}]&#10;Capabilities {acceptInsecureCerts: false, browserName: chrome, browserVersion: 103.0.5060.114, chrome: {chromedriverVersion: 102.0.5005.61 (0e59bcc00cc4..., userDataDir: C:\Users\AMIT123\AppData\Lo...}, goog:chromeOptions: {debuggerAddress: localhost:53366}, javascriptEnabled: true, networkConnectionEnabled: false, pageLoadStrategy: normal, platform: WINDOWS, platformName: WINDOWS, proxy: Proxy(), se:cdp: ws://localhost:53366/devtoo..., se:cdpVersion: 103.0.5060.114, setWindowRect: true, strictFileInteractability: false, timeouts: {implicit: 0, pageLoad: 300000, script: 30000}, unhandledPromptBehavior: dismiss and notify, webauthn:extension:credBlob: true, webauthn:extension:largeBlob: true, webauthn:virtualAuthenticators: true}&#10;Element: [[ChromeDriver: chrome on WINDOWS (5dc390563d3f18fd5f7d1caac975c32e)] -&gt; name: btnLogin]&#10;Session ID: 5dc390563d3f18fd5f7d1caac975c32e" type="org.openqa.selenium.WebDriverException">org.openqa.selenium.WebDriverException: unknown error: cannot determine loading status
from unknown error: unexpected command response
  (Session info: chrome=103.0.5060.114)
Build info: version: '4.1.3', revision: '7b1ebf28ef'
System info: host: 'AMIT', ip: '192.168.0.105', os.name: 'Windows 11', os.arch: 'amd64', os.version: '10.0', java.version: '18'
Driver info: org.openqa.selenium.chrome.ChromeDriver
Command: [5dc390563d3f18fd5f7d1caac975c32e, clickElement {id=c3ac29fc-8039-4103-ad26-c2b02e2130d6}]
Capabilities {acceptInsecureCerts: false, browserName: chrome, browserVersion: 103.0.5060.114, chrome: {chromedriverVersion: 102.0.5005.61 (0e59bcc00cc4..., userDataDir: C:\Users\AMIT123\AppData\Lo...}, goog:chromeOptions: {debuggerAddress: localhost:53366}, javascriptEnabled: true, networkConnectionEnabled: false, pageLoadStrategy: normal, platform: WINDOWS, platformName: WINDOWS, proxy: Proxy(), se:cdp: ws://localhost:53366/devtoo..., se:cdpVersion: 103.0.5060.114, setWindowRect: true, strictFileInteractability: false, timeouts: {implicit: 0, pageLoad: 300000, script: 30000}, unhandledPromptBehavior: dismiss and notify, webauthn:extension:credBlob: true, webauthn:extension:largeBlob: true, webauthn:virtualAuthenticators: true}
Element: [[ChromeDriver: chrome on WINDOWS (5dc390563d3f18fd5f7d1caac975c32e)] -> name: btnLogin]
Session ID: 5dc390563d3f18fd5f7d1caac975c32e
	at java.base/jdk.internal.reflect.DirectConstructorHandleAccessor.newInstance(DirectConstructorHandleAccessor.java:67)
	at java.base/java.lang.reflect.Constructor.newInstanceWithCaller(Constructor.java:499)
	at java.base/java.lang.reflect.Constructor.newInstance(Constructor.java:483)
	at org.openqa.selenium.remote.codec.w3c.W3CHttpResponseCodec.createException(W3CHttpResponseCodec.java:200)
	at org.openqa.selenium.remote.codec.w3c.W3CHttpResponseCodec.decode(W3CHttpResponseCodec.java:133)
	at org.openqa.selenium.remote.codec.w3c.W3CHttpResponseCodec.decode(W3CHttpResponseCodec.java:53)
	at org.openqa.selenium.remote.HttpCommandExecutor.execute(HttpCommandExecutor.java:184)
	at org.openqa.selenium.remote.service.DriverCommandExecutor.invokeExecute(DriverCommandExecutor.java:167)
	at org.openqa.selenium.remote.service.DriverCommandExecutor.execute(DriverCommandExecutor.java:142)
	at org.openqa.selenium.remote.RemoteWebDriver.execute(RemoteWebDriver.java:567)
	at org.openqa.selenium.remote.RemoteWebElement.execute(RemoteWebElement.java:251)
	at org.openqa.selenium.remote.RemoteWebElement.click(RemoteWebElement.java:77)
	at java.base/jdk.internal.reflect.DirectMethodHandleAccessor.invoke(DirectMethodHandleAccessor.java:104)
	at java.base/java.lang.reflect.Method.invoke(Method.java:577)
	at org.openqa.selenium.support.pagefactory.internal.LocatingElementHandler.invoke(LocatingElementHandler.java:52)
	at jdk.proxy2/jdk.proxy2.$Proxy16.click(Unknown Source)
	at com.inetBankingV1.PageObjects.LoginPage.clicSubmit(LoginPage.java:42)
	at com.inetBankingV1.TestCases.TC_AddCustomerTest_003.addNewCustomer(TC_AddCustomerTest_003.java:21)
</failure>
    <system-out><![CDATA[ INFO [main] (TC_AddCustomerTest_003.java:18)- User name is provided
 INFO [main] (TC_AddCustomerTest_003.java:20)- Passsword is provided
]]></system-out>
    <system-err><![CDATA[Starting ChromeDriver 102.0.5005.61 (0e59bcc00cc4985ce39ad31c150065f159d95ad3-refs/branch-heads/5005@{#819}) on port 53278
Only local connections are allowed.
Please see https://chromedriver.chromium.org/security-considerations for suggestions on keeping ChromeDriver safe.
ChromeDriver was started successfully.
[1658475813.643][WARNING]: This version of ChromeDriver has not been tested with Chrome version 103.
Jul 22, 2022 1:13:33 PM org.openqa.selenium.remote.ProtocolHandshake createSession
INFO: Detected dialect: W3C
Jul 22, 2022 1:13:33 PM org.openqa.selenium.devtools.CdpVersionFinder findNearestMatch
WARNING: Unable to find an exact match for CDP version 103, so returning the closest version found: 99
Jul 22, 2022 1:13:33 PM org.openqa.selenium.devtools.CdpVersionFinder findNearestMatch
INFO: Found CDP implementation for version 103 of 99
]]></system-err>
  </testcase>
</testsuite>