<?xml version="1.0" encoding="UTF-8"?>
<!-- Generated by org.testng.reporters.JUnitReportReporter -->
<testsuite hostname="AMIT" failures="0" tests="1" name="com.inetBankingV1.TestCases.TC_loginTest_001" time="1.884" errors="0" timestamp="2022-05-20T20:26:15 IST" skipped="0">
  <testcase classname="com.inetBankingV1.TestCases.TC_loginTest_001" name="loginTest" time="1.884"/>
  <system-out/>
</testsuite> <!-- com.inetBankingV1.TestCases.TC_loginTest_001 -->
