<?xml version="1.0" encoding="UTF-8"?>
<!-- Generated by org.testng.reporters.JUnitReportReporter -->
<testsuite hostname="AMIT" failures="0" tests="1" name="com.inetBankingV1.TestCases.TC_loginTest_001" time="2.061" errors="0" timestamp="2022-05-17T18:22:12 IST" skipped="0">
  <testcase classname="com.inetBankingV1.TestCases.TC_loginTest_001" name="loginTest" time="2.061"/>
  <system-out/>
</testsuite> <!-- com.inetBankingV1.TestCases.TC_loginTest_001 -->
